This file contains any messages produced by compilers while
running configure, to aid debugging if configure makes a mistake.

It was created by edams configure 0.9.0.290:292M, which was
generated by GNU Autoconf 2.69.  Invocation command line was

  $ ./configure -C

## --------- ##
## Platform. ##
## --------- ##

hostname = vador
uname -m = x86_64
uname -r = 3.8.8-1-ARCH
uname -s = Linux
uname -v = #1 SMP PREEMPT Wed Apr 17 10:57:28 CEST 2013

/usr/bin/uname -p = unknown
/bin/uname -X     = unknown

/bin/arch              = unknown
/usr/bin/arch -k       = unknown
/usr/convex/getsysinfo = unknown
/usr/bin/hostinfo      = unknown
/bin/machine           = unknown
/usr/bin/oslevel       = unknown
/bin/universe          = unknown

PATH: /usr/lib/colorgcc/bin
PATH: /usr/bin
PATH: /usr/local/bin
PATH: /usr/bin
PATH: /bin
PATH: /usr/local/sbin
PATH: /usr/sbin
PATH: /sbin
PATH: /usr/bin/site_perl
PATH: /usr/bin/core_perl


## ----------- ##
## Core tests. ##
## ----------- ##

configure:2192: creating cache config.cache
configure:2317: checking for gcc
configure:2333: found /usr/lib/colorgcc/bin/gcc
configure:2344: result: gcc
configure:2573: checking for C compiler version
configure:2582: gcc --version >&5
gcc (GCC) 4.8.0
Copyright (C) 2013 Free Software Foundation, Inc.
This is free software; see the source for copying conditions.  There is NO
warranty; not even for MERCHANTABILITY or FITNESS FOR A PARTICULAR PURPOSE.

configure:2593: $? = 0
configure:2582: gcc -v >&5
Using built-in specs.
COLLECT_GCC=/usr/bin/gcc
COLLECT_LTO_WRAPPER=/usr/lib/gcc/x86_64-unknown-linux-gnu/4.8.0/lto-wrapper
Target: x86_64-unknown-linux-gnu
Configured with: /build/src/gcc-4.8.0/configure --prefix=/usr --libdir=/usr/lib --libexecdir=/usr/lib --mandir=/usr/share/man --infodir=/usr/share/info --with-bugurl=https://bugs.archlinux.org/ --enable-languages=c,c++,ada,fortran,go,lto,objc,obj-c++ --enable-shared --enable-threads=posix --with-system-zlib --enable-__cxa_atexit --disable-libunwind-exceptions --enable-clocale=gnu --disable-libstdcxx-pch --enable-gnu-unique-object --enable-linker-build-id --enable-cloog-backend=isl --disable-cloog-version-check --enable-lto --enable-gold --enable-ld=default --enable-plugin --with-plugin-ld=ld.gold --with-linker-hash-style=gnu --disable-install-libiberty --enable-multilib --disable-libssp --disable-werror --enable-checking=release
Thread model: posix
gcc version 4.8.0 (GCC) 
configure:2593: $? = 0
configure:2582: gcc -V >&5
gcc: error: unrecognized command line option '-V'
gcc: fatal error: no input files
compilation terminated.
configure:2593: $? = 1
configure:2582: gcc -qversion >&5
gcc: error: unrecognized command line option '-qversion'
gcc: fatal error: no input files
compilation terminated.
configure:2593: $? = 1
configure:2613: checking whether the C compiler works
configure:2635: gcc    conftest.c  >&5
configure:2639: $? = 0
configure:2687: result: yes
configure:2690: checking for C compiler default output file name
configure:2692: result: a.out
configure:2698: checking for suffix of executables
configure:2705: gcc -o conftest    conftest.c  >&5
configure:2709: $? = 0
configure:2731: result: 
configure:2753: checking whether we are cross compiling
configure:2761: gcc -o conftest    conftest.c  >&5
configure:2765: $? = 0
configure:2772: ./conftest
configure:2776: $? = 0
configure:2791: result: no
configure:2796: checking for suffix of object files
configure:2818: gcc -c   conftest.c >&5
configure:2822: $? = 0
configure:2843: result: o
configure:2847: checking whether we are using the GNU C compiler
configure:2866: gcc -c   conftest.c >&5
configure:2866: $? = 0
configure:2875: result: yes
configure:2884: checking whether gcc accepts -g
configure:2904: gcc -c -g  conftest.c >&5
configure:2904: $? = 0
configure:2945: result: yes
configure:2962: checking for gcc option to accept ISO C89
configure:3025: gcc  -c -g -O2  conftest.c >&5
configure:3025: $? = 0
configure:3038: result: none needed
configure:3064: checking how to run the C preprocessor
configure:3095: gcc -E  conftest.c
configure:3095: $? = 0
configure:3109: gcc -E  conftest.c
conftest.c:9:28: fatal error: ac_nonexistent.h: No such file or directory
 #include <ac_nonexistent.h>
                            ^
compilation terminated.
configure:3109: $? = 1
configure: failed program was:
| /* confdefs.h */
| #define PACKAGE_NAME "edams"
| #define PACKAGE_TARNAME "edams"
| #define PACKAGE_VERSION "0.9.0.290:292M"
| #define PACKAGE_STRING "edams 0.9.0.290:292M"
| #define PACKAGE_BUGREPORT "alexandre.dussart@laposte.net"
| #define PACKAGE_URL ""
| /* end confdefs.h.  */
| #include <ac_nonexistent.h>
configure:3134: result: gcc -E
configure:3154: gcc -E  conftest.c
configure:3154: $? = 0
configure:3168: gcc -E  conftest.c
conftest.c:9:28: fatal error: ac_nonexistent.h: No such file or directory
 #include <ac_nonexistent.h>
                            ^
compilation terminated.
configure:3168: $? = 1
configure: failed program was:
| /* confdefs.h */
| #define PACKAGE_NAME "edams"
| #define PACKAGE_TARNAME "edams"
| #define PACKAGE_VERSION "0.9.0.290:292M"
| #define PACKAGE_STRING "edams 0.9.0.290:292M"
| #define PACKAGE_BUGREPORT "alexandre.dussart@laposte.net"
| #define PACKAGE_URL ""
| /* end confdefs.h.  */
| #include <ac_nonexistent.h>
configure:3197: checking for grep that handles long lines and -e
configure:3255: result: /usr/bin/grep
configure:3260: checking for egrep
configure:3322: result: /usr/bin/grep -E
configure:3327: checking for ANSI C header files
configure:3347: gcc -c -g -O2  conftest.c >&5
configure:3347: $? = 0
configure:3420: gcc -o conftest -g -O2   conftest.c  >&5
configure:3420: $? = 0
configure:3420: ./conftest
configure:3420: $? = 0
configure:3431: result: yes
configure:3444: checking for sys/types.h
configure:3444: gcc -c -g -O2  conftest.c >&5
configure:3444: $? = 0
configure:3444: result: yes
configure:3444: checking for sys/stat.h
configure:3444: gcc -c -g -O2  conftest.c >&5
configure:3444: $? = 0
configure:3444: result: yes
configure:3444: checking for stdlib.h
configure:3444: gcc -c -g -O2  conftest.c >&5
configure:3444: $? = 0
configure:3444: result: yes
configure:3444: checking for string.h
configure:3444: gcc -c -g -O2  conftest.c >&5
configure:3444: $? = 0
configure:3444: result: yes
configure:3444: checking for memory.h
configure:3444: gcc -c -g -O2  conftest.c >&5
configure:3444: $? = 0
configure:3444: result: yes
configure:3444: checking for strings.h
configure:3444: gcc -c -g -O2  conftest.c >&5
configure:3444: $? = 0
configure:3444: result: yes
configure:3444: checking for inttypes.h
configure:3444: gcc -c -g -O2  conftest.c >&5
configure:3444: $? = 0
configure:3444: result: yes
configure:3444: checking for stdint.h
configure:3444: gcc -c -g -O2  conftest.c >&5
configure:3444: $? = 0
configure:3444: result: yes
configure:3444: checking for unistd.h
configure:3444: gcc -c -g -O2  conftest.c >&5
configure:3444: $? = 0
configure:3444: result: yes
configure:3457: checking minix/config.h usability
configure:3457: gcc -c -g -O2  conftest.c >&5
conftest.c:52:26: fatal error: minix/config.h: No such file or directory
 #include <minix/config.h>
                          ^
compilation terminated.
configure:3457: $? = 1
configure: failed program was:
| /* confdefs.h */
| #define PACKAGE_NAME "edams"
| #define PACKAGE_TARNAME "edams"
| #define PACKAGE_VERSION "0.9.0.290:292M"
| #define PACKAGE_STRING "edams 0.9.0.290:292M"
| #define PACKAGE_BUGREPORT "alexandre.dussart@laposte.net"
| #define PACKAGE_URL ""
| #define STDC_HEADERS 1
| #define HAVE_SYS_TYPES_H 1
| #define HAVE_SYS_STAT_H 1
| #define HAVE_STDLIB_H 1
| #define HAVE_STRING_H 1
| #define HAVE_MEMORY_H 1
| #define HAVE_STRINGS_H 1
| #define HAVE_INTTYPES_H 1
| #define HAVE_STDINT_H 1
| #define HAVE_UNISTD_H 1
| /* end confdefs.h.  */
| #include <stdio.h>
| #ifdef HAVE_SYS_TYPES_H
| # include <sys/types.h>
| #endif
| #ifdef HAVE_SYS_STAT_H
| # include <sys/stat.h>
| #endif
| #ifdef STDC_HEADERS
| # include <stdlib.h>
| # include <stddef.h>
| #else
| # ifdef HAVE_STDLIB_H
| #  include <stdlib.h>
| # endif
| #endif
| #ifdef HAVE_STRING_H
| # if !defined STDC_HEADERS && defined HAVE_MEMORY_H
| #  include <memory.h>
| # endif
| # include <string.h>
| #endif
| #ifdef HAVE_STRINGS_H
| # include <strings.h>
| #endif
| #ifdef HAVE_INTTYPES_H
| # include <inttypes.h>
| #endif
| #ifdef HAVE_STDINT_H
| # include <stdint.h>
| #endif
| #ifdef HAVE_UNISTD_H
| # include <unistd.h>
| #endif
| #include <minix/config.h>
configure:3457: result: no
configure:3457: checking minix/config.h presence
configure:3457: gcc -E  conftest.c
conftest.c:19:26: fatal error: minix/config.h: No such file or directory
 #include <minix/config.h>
                          ^
compilation terminated.
configure:3457: $? = 1
configure: failed program was:
| /* confdefs.h */
| #define PACKAGE_NAME "edams"
| #define PACKAGE_TARNAME "edams"
| #define PACKAGE_VERSION "0.9.0.290:292M"
| #define PACKAGE_STRING "edams 0.9.0.290:292M"
| #define PACKAGE_BUGREPORT "alexandre.dussart@laposte.net"
| #define PACKAGE_URL ""
| #define STDC_HEADERS 1
| #define HAVE_SYS_TYPES_H 1
| #define HAVE_SYS_STAT_H 1
| #define HAVE_STDLIB_H 1
| #define HAVE_STRING_H 1
| #define HAVE_MEMORY_H 1
| #define HAVE_STRINGS_H 1
| #define HAVE_INTTYPES_H 1
| #define HAVE_STDINT_H 1
| #define HAVE_UNISTD_H 1
| /* end confdefs.h.  */
| #include <minix/config.h>
configure:3457: result: no
configure:3457: checking for minix/config.h
configure:3457: result: no
configure:3478: checking whether it is safe to define __EXTENSIONS__
configure:3496: gcc -c -g -O2  conftest.c >&5
configure:3496: $? = 0
configure:3503: result: yes
configure:3550: checking build system type
configure:3564: result: x86_64-unknown-linux-gnu
configure:3584: checking host system type
configure:3597: result: x86_64-unknown-linux-gnu
configure:3617: checking for library containing strerror
configure:3648: gcc -o conftest -g -O2   conftest.c  >&5
configure:3648: $? = 0
configure:3665: result: none required
configure:3673: checking for a thread-safe mkdir -p
configure:3712: result: /usr/bin/mkdir -p
configure:3733: checking for a BSD-compatible install
configure:3801: result: /usr/bin/install -c
configure:3812: checking whether build environment is sane
configure:3867: result: yes
configure:4022: checking for gawk
configure:4038: found /usr/bin/gawk
configure:4049: result: gawk
configure:4060: checking whether make sets $(MAKE)
configure:4082: result: yes
configure:4112: checking for style of include used by make
configure:4140: result: GNU
configure:4174: checking whether make supports nested variables
configure:4191: result: yes
configure:4271: checking dependency style of gcc
configure:4382: result: gcc3
configure:4411: checking whether make supports nested variables
configure:4428: result: yes
configure:4489: checking how to print strings
configure:4516: result: printf
configure:4537: checking for a sed that does not truncate output
configure:4601: result: /usr/bin/sed
configure:4619: checking for fgrep
configure:4681: result: /usr/bin/grep -F
configure:4716: checking for ld used by gcc
configure:4783: result: /usr/bin/ld
configure:4790: checking if the linker (/usr/bin/ld) is GNU ld
configure:4805: result: yes
configure:4817: checking for BSD- or MS-compatible name lister (nm)
configure:4866: result: /usr/bin/nm -B
configure:4996: checking the name lister (/usr/bin/nm -B) interface
configure:5003: gcc -c -g -O2  conftest.c >&5
configure:5006: /usr/bin/nm -B "conftest.o"
configure:5009: output
0000000000000000 B some_variable
configure:5016: result: BSD nm
configure:5019: checking whether ln -s works
configure:5023: result: yes
configure:5031: checking the maximum length of command line arguments
configure:5161: result: 1572864
configure:5178: checking whether the shell understands some XSI constructs
configure:5188: result: yes
configure:5192: checking whether the shell understands "+="
configure:5198: result: yes
configure:5233: checking how to convert x86_64-unknown-linux-gnu file names to x86_64-unknown-linux-gnu format
configure:5273: result: func_convert_file_noop
configure:5280: checking how to convert x86_64-unknown-linux-gnu file names to toolchain format
configure:5300: result: func_convert_file_noop
configure:5307: checking for /usr/bin/ld option to reload object files
configure:5314: result: -r
configure:5388: checking for objdump
configure:5404: found /usr/bin/objdump
configure:5415: result: objdump
configure:5447: checking how to recognize dependent libraries
configure:5649: result: pass_all
configure:5734: checking for dlltool
configure:5764: result: no
configure:5794: checking how to associate runtime and link libraries
configure:5821: result: printf %s\n
configure:5881: checking for ar
configure:5897: found /usr/bin/ar
configure:5908: result: ar
configure:5945: checking for archiver @FILE support
configure:5962: gcc -c -g -O2  conftest.c >&5
configure:5962: $? = 0
configure:5965: ar cru libconftest.a @conftest.lst >&5
configure:5968: $? = 0
configure:5973: ar cru libconftest.a @conftest.lst >&5
ar: conftest.o: No such file or directory
configure:5976: $? = 1
configure:5988: result: @
configure:6046: checking for strip
configure:6062: found /usr/bin/strip
configure:6073: result: strip
configure:6145: checking for ranlib
configure:6161: found /usr/bin/ranlib
configure:6172: result: ranlib
configure:6274: checking command to parse /usr/bin/nm -B output from gcc object
configure:6394: gcc -c -g -O2  conftest.c >&5
configure:6397: $? = 0
configure:6401: /usr/bin/nm -B conftest.o \| sed -n -e 's/^.*[ ]\([ABCDGIRSTW][ABCDGIRSTW]*\)[ ][ ]*\([_A-Za-z][_A-Za-z0-9]*\)$/\1 \2 \2/p' | sed '/ __gnu_lto/d' \> conftest.nm
configure:6404: $? = 0
configure:6470: gcc -o conftest -g -O2   conftest.c conftstm.o >&5
configure:6473: $? = 0
configure:6511: result: ok
configure:6548: checking for sysroot
configure:6578: result: no
configure:6655: gcc -c -g -O2  conftest.c >&5
configure:6658: $? = 0
configure:6834: checking for mt
configure:6864: result: no
configure:6884: checking if : is a manifest tool
configure:6890: : '-?'
configure:6898: result: no
configure:7537: checking for dlfcn.h
configure:7537: gcc -c -g -O2  conftest.c >&5
configure:7537: $? = 0
configure:7537: result: yes
configure:7743: checking for objdir
configure:7758: result: .libs
configure:8029: checking if gcc supports -fno-rtti -fno-exceptions
configure:8047: gcc -c -g -O2  -fno-rtti -fno-exceptions conftest.c >&5
cc1: warning: command line option '-fno-rtti' is valid for C++/ObjC++ but not for C [enabled by default]
configure:8051: $? = 0
configure:8064: result: no
configure:8391: checking for gcc option to produce PIC
configure:8398: result: -fPIC -DPIC
configure:8406: checking if gcc PIC flag -fPIC -DPIC works
configure:8424: gcc -c -g -O2  -fPIC -DPIC -DPIC conftest.c >&5
configure:8428: $? = 0
configure:8441: result: yes
configure:8470: checking if gcc static flag -static works
configure:8498: result: yes
configure:8513: checking if gcc supports -c -o file.o
configure:8534: gcc -c -g -O2  -o out/conftest2.o conftest.c >&5
configure:8538: $? = 0
configure:8560: result: yes
configure:8568: checking if gcc supports -c -o file.o
configure:8615: result: yes
configure:8648: checking whether the gcc linker (/usr/bin/ld -m elf_x86_64) supports shared libraries
configure:9801: result: yes
configure:9838: checking whether -lc should be explicitly linked in
configure:9846: gcc -c -g -O2  conftest.c >&5
configure:9849: $? = 0
configure:9864: gcc -shared  -fPIC -DPIC conftest.o  -v -Wl,-soname -Wl,conftest -o conftest 2\>\&1 \| /usr/bin/grep  -lc  \>/dev/null 2\>\&1
configure:9867: $? = 0
configure:9881: result: no
configure:10041: checking dynamic linker characteristics
configure:10552: gcc -o conftest -g -O2   -Wl,-rpath -Wl,/foo conftest.c  >&5
configure:10552: $? = 0
configure:10774: result: GNU/Linux ld.so
configure:10881: checking how to hardcode library paths into programs
configure:10906: result: immediate
configure:11446: checking whether stripping libraries is possible
configure:11451: result: yes
configure:11486: checking if libtool supports shared libraries
configure:11488: result: yes
configure:11491: checking whether to build shared libraries
configure:11512: result: yes
configure:11515: checking whether to build static libraries
configure:11519: result: yes
configure:11557: checking whether byte ordering is bigendian
configure:11572: gcc -c -g -O2  conftest.c >&5
conftest.c:29:9: error: unknown type name 'not'
         not a universal capable compiler
         ^
conftest.c:29:15: error: expected '=', ',', ';', 'asm' or '__attribute__' before 'universal'
         not a universal capable compiler
               ^
conftest.c:29:15: error: unknown type name 'universal'
configure:11572: $? = 1
configure: failed program was:
| /* confdefs.h */
| #define PACKAGE_NAME "edams"
| #define PACKAGE_TARNAME "edams"
| #define PACKAGE_VERSION "0.9.0.290:292M"
| #define PACKAGE_STRING "edams 0.9.0.290:292M"
| #define PACKAGE_BUGREPORT "alexandre.dussart@laposte.net"
| #define PACKAGE_URL ""
| #define STDC_HEADERS 1
| #define HAVE_SYS_TYPES_H 1
| #define HAVE_SYS_STAT_H 1
| #define HAVE_STDLIB_H 1
| #define HAVE_STRING_H 1
| #define HAVE_MEMORY_H 1
| #define HAVE_STRINGS_H 1
| #define HAVE_INTTYPES_H 1
| #define HAVE_STDINT_H 1
| #define HAVE_UNISTD_H 1
| #define __EXTENSIONS__ 1
| #define _ALL_SOURCE 1
| #define _GNU_SOURCE 1
| #define _POSIX_PTHREAD_SEMANTICS 1
| #define _TANDEM_SOURCE 1
| #define PACKAGE "edams"
| #define VERSION "0.9.0.290:292M"
| #define HAVE_DLFCN_H 1
| #define LT_OBJDIR ".libs/"
| /* end confdefs.h.  */
| #ifndef __APPLE_CC__
| 	       not a universal capable compiler
| 	     #endif
| 	     typedef int dummy;
| 
configure:11617: gcc -c -g -O2  conftest.c >&5
configure:11617: $? = 0
configure:11635: gcc -c -g -O2  conftest.c >&5
conftest.c: In function 'main':
conftest.c:35:4: error: unknown type name 'not'
    not big endian
    ^
conftest.c:35:12: error: expected '=', ',', ';', 'asm' or '__attribute__' before 'endian'
    not big endian
            ^
configure:11635: $? = 1
configure: failed program was:
| /* confdefs.h */
| #define PACKAGE_NAME "edams"
| #define PACKAGE_TARNAME "edams"
| #define PACKAGE_VERSION "0.9.0.290:292M"
| #define PACKAGE_STRING "edams 0.9.0.290:292M"
| #define PACKAGE_BUGREPORT "alexandre.dussart@laposte.net"
| #define PACKAGE_URL ""
| #define STDC_HEADERS 1
| #define HAVE_SYS_TYPES_H 1
| #define HAVE_SYS_STAT_H 1
| #define HAVE_STDLIB_H 1
| #define HAVE_STRING_H 1
| #define HAVE_MEMORY_H 1
| #define HAVE_STRINGS_H 1
| #define HAVE_INTTYPES_H 1
| #define HAVE_STDINT_H 1
| #define HAVE_UNISTD_H 1
| #define __EXTENSIONS__ 1
| #define _ALL_SOURCE 1
| #define _GNU_SOURCE 1
| #define _POSIX_PTHREAD_SEMANTICS 1
| #define _TANDEM_SOURCE 1
| #define PACKAGE "edams"
| #define VERSION "0.9.0.290:292M"
| #define HAVE_DLFCN_H 1
| #define LT_OBJDIR ".libs/"
| /* end confdefs.h.  */
| #include <sys/types.h>
| 		#include <sys/param.h>
| 
| int
| main ()
| {
| #if BYTE_ORDER != BIG_ENDIAN
| 		 not big endian
| 		#endif
| 
|   ;
|   return 0;
| }
configure:11763: result: no
configure:11781: checking for library containing strerror
configure:11829: result: none required
configure:11885: checking for gcc
configure:11912: result: gcc
configure:12141: checking for C compiler version
configure:12150: gcc --version >&5
gcc (GCC) 4.8.0
Copyright (C) 2013 Free Software Foundation, Inc.
This is free software; see the source for copying conditions.  There is NO
warranty; not even for MERCHANTABILITY or FITNESS FOR A PARTICULAR PURPOSE.

configure:12161: $? = 0
configure:12150: gcc -v >&5
Using built-in specs.
COLLECT_GCC=/usr/bin/gcc
COLLECT_LTO_WRAPPER=/usr/lib/gcc/x86_64-unknown-linux-gnu/4.8.0/lto-wrapper
Target: x86_64-unknown-linux-gnu
Configured with: /build/src/gcc-4.8.0/configure --prefix=/usr --libdir=/usr/lib --libexecdir=/usr/lib --mandir=/usr/share/man --infodir=/usr/share/info --with-bugurl=https://bugs.archlinux.org/ --enable-languages=c,c++,ada,fortran,go,lto,objc,obj-c++ --enable-shared --enable-threads=posix --with-system-zlib --enable-__cxa_atexit --disable-libunwind-exceptions --enable-clocale=gnu --disable-libstdcxx-pch --enable-gnu-unique-object --enable-linker-build-id --enable-cloog-backend=isl --disable-cloog-version-check --enable-lto --enable-gold --enable-ld=default --enable-plugin --with-plugin-ld=ld.gold --with-linker-hash-style=gnu --disable-install-libiberty --enable-multilib --disable-libssp --disable-werror --enable-checking=release
Thread model: posix
gcc version 4.8.0 (GCC) 
configure:12161: $? = 0
configure:12150: gcc -V >&5
gcc: error: unrecognized command line option '-V'
gcc: fatal error: no input files
compilation terminated.
configure:12161: $? = 1
configure:12150: gcc -qversion >&5
gcc: error: unrecognized command line option '-qversion'
gcc: fatal error: no input files
compilation terminated.
configure:12161: $? = 1
configure:12165: checking whether we are using the GNU C compiler
configure:12193: result: yes
configure:12202: checking whether gcc accepts -g
configure:12263: result: yes
configure:12280: checking for gcc option to accept ISO C89
configure:12356: result: none needed
configure:12380: checking for gcc option to accept ISO C99
configure:12529: gcc  -c -g -O2  conftest.c >&5
conftest.c:78:29: error: expected ';', ',' or ')' before 'text'
 test_restrict (ccp restrict text)
                             ^
conftest.c: In function 'main':
conftest.c:132:18: error: expected '=', ',', ';', 'asm' or '__attribute__' before 'newvar'
   char *restrict newvar = "Another string";
                  ^
conftest.c:132:18: error: 'newvar' undeclared (first use in this function)
conftest.c:132:18: note: each undeclared identifier is reported only once for each function it appears in
conftest.c:142:3: error: 'for' loop initial declarations are only allowed in C99 mode
   for (int i = 0; i < ia->datasize; ++i)
   ^
conftest.c:142:3: note: use option -std=c99 or -std=gnu99 to compile your code
configure:12529: $? = 1
configure: failed program was:
| /* confdefs.h */
| #define PACKAGE_NAME "edams"
| #define PACKAGE_TARNAME "edams"
| #define PACKAGE_VERSION "0.9.0.290:292M"
| #define PACKAGE_STRING "edams 0.9.0.290:292M"
| #define PACKAGE_BUGREPORT "alexandre.dussart@laposte.net"
| #define PACKAGE_URL ""
| #define STDC_HEADERS 1
| #define HAVE_SYS_TYPES_H 1
| #define HAVE_SYS_STAT_H 1
| #define HAVE_STDLIB_H 1
| #define HAVE_STRING_H 1
| #define HAVE_MEMORY_H 1
| #define HAVE_STRINGS_H 1
| #define HAVE_INTTYPES_H 1
| #define HAVE_STDINT_H 1
| #define HAVE_UNISTD_H 1
| #define __EXTENSIONS__ 1
| #define _ALL_SOURCE 1
| #define _GNU_SOURCE 1
| #define _POSIX_PTHREAD_SEMANTICS 1
| #define _TANDEM_SOURCE 1
| #define PACKAGE "edams"
| #define VERSION "0.9.0.290:292M"
| #define HAVE_DLFCN_H 1
| #define LT_OBJDIR ".libs/"
| /* end confdefs.h.  */
| #include <stdarg.h>
| #include <stdbool.h>
| #include <stdlib.h>
| #include <wchar.h>
| #include <stdio.h>
| 
| // Check varargs macros.  These examples are taken from C99 6.10.3.5.
| #define debug(...) fprintf (stderr, __VA_ARGS__)
| #define showlist(...) puts (#__VA_ARGS__)
| #define report(test,...) ((test) ? puts (#test) : printf (__VA_ARGS__))
| static void
| test_varargs_macros (void)
| {
|   int x = 1234;
|   int y = 5678;
|   debug ("Flag");
|   debug ("X = %d\n", x);
|   showlist (The first, second, and third items.);
|   report (x>y, "x is %d but y is %d", x, y);
| }
| 
| // Check long long types.
| #define BIG64 18446744073709551615ull
| #define BIG32 4294967295ul
| #define BIG_OK (BIG64 / BIG32 == 4294967297ull && BIG64 % BIG32 == 0)
| #if !BIG_OK
|   your preprocessor is broken;
| #endif
| #if BIG_OK
| #else
|   your preprocessor is broken;
| #endif
| static long long int bignum = -9223372036854775807LL;
| static unsigned long long int ubignum = BIG64;
| 
| struct incomplete_array
| {
|   int datasize;
|   double data[];
| };
| 
| struct named_init {
|   int number;
|   const wchar_t *name;
|   double average;
| };
| 
| typedef const char *ccp;
| 
| static inline int
| test_restrict (ccp restrict text)
| {
|   // See if C++-style comments work.
|   // Iterate through items via the restricted pointer.
|   // Also check for declarations in for loops.
|   for (unsigned int i = 0; *(text+i) != '\0'; ++i)
|     continue;
|   return 0;
| }
| 
| // Check varargs and va_copy.
| static void
| test_varargs (const char *format, ...)
| {
|   va_list args;
|   va_start (args, format);
|   va_list args_copy;
|   va_copy (args_copy, args);
| 
|   const char *str;
|   int number;
|   float fnumber;
| 
|   while (*format)
|     {
|       switch (*format++)
| 	{
| 	case 's': // string
| 	  str = va_arg (args_copy, const char *);
| 	  break;
| 	case 'd': // int
| 	  number = va_arg (args_copy, int);
| 	  break;
| 	case 'f': // float
| 	  fnumber = va_arg (args_copy, double);
| 	  break;
| 	default:
| 	  break;
| 	}
|     }
|   va_end (args_copy);
|   va_end (args);
| }
| 
| int
| main ()
| {
| 
|   // Check bool.
|   _Bool success = false;
| 
|   // Check restrict.
|   if (test_restrict ("String literal") == 0)
|     success = true;
|   char *restrict newvar = "Another string";
| 
|   // Check varargs.
|   test_varargs ("s, d' f .", "string", 65, 34.234);
|   test_varargs_macros ();
| 
|   // Check flexible array members.
|   struct incomplete_array *ia =
|     malloc (sizeof (struct incomplete_array) + (sizeof (double) * 10));
|   ia->datasize = 10;
|   for (int i = 0; i < ia->datasize; ++i)
|     ia->data[i] = i * 1.234;
| 
|   // Check named initializers.
|   struct named_init ni = {
|     .number = 34,
|     .name = L"Test wide string",
|     .average = 543.34343,
|   };
| 
|   ni.number = 58;
| 
|   int dynamic_array[ni.number];
|   dynamic_array[ni.number - 1] = 543;
| 
|   // work around unused variable warnings
|   return (!success || bignum == 0LL || ubignum == 0uLL || newvar[0] == 'x'
| 	  || dynamic_array[ni.number - 1] != 543);
| 
|   ;
|   return 0;
| }
configure:12529: gcc -std=gnu99 -c -g -O2  conftest.c >&5
configure:12529: $? = 0
configure:12549: result: -std=gnu99
configure:12650: checking for gcc -std=gnu99 option to accept ISO Standard C
configure:12664: result: -std=gnu99
configure:12668: checking for ANSI C header files
configure:12772: result: yes
configure:12780: checking for an ANSI C-conforming const
configure:12846: gcc -std=gnu99 -c -g -O2  conftest.c >&5
configure:12846: $? = 0
configure:12853: result: yes
configure:12918: checking for pkg-config
configure:12936: found /usr/bin/pkg-config
configure:12948: result: /usr/bin/pkg-config
configure:12973: checking pkg-config is at least version 0.9.0
configure:12976: result: yes
configure:12996: checking for EDAMS
configure:13003: $PKG_CONFIG --exists --print-errors "${requirements}"
configure:13006: $? = 0
configure:13020: $PKG_CONFIG --exists --print-errors "${requirements}"
configure:13023: $? = 0
configure:13081: result: yes
configure:13088: checking for EMOTION
configure:13095: $PKG_CONFIG --exists --print-errors "emotion >= 1.0.99 "
configure:13098: $? = 0
configure:13112: $PKG_CONFIG --exists --print-errors "emotion >= 1.0.99 "
configure:13115: $? = 0
configure:13153: result: yes
configure:13196: checking whether NLS is requested
configure:13205: result: yes
configure:13246: checking for msgfmt
configure: trying /usr/bin/msgfmt...
0 translated messages.
configure:13278: result: /usr/bin/msgfmt
configure:13287: checking for gmsgfmt
configure:13318: result: /usr/bin/msgfmt
configure:13369: checking for xgettext
configure: trying /usr/bin/xgettext...
/usr/bin/xgettext: warning: file '/dev/null' extension '' is unknown; will try C
configure:13401: result: /usr/bin/xgettext
configure:13447: checking for msgmerge
configure: trying /usr/bin/msgmerge...
configure:13478: result: /usr/bin/msgmerge
configure:13535: checking for ld used by GCC
configure:13599: result: /usr/bin/ld -m elf_x86_64
configure:13606: checking if the linker (/usr/bin/ld -m elf_x86_64) is GNU ld
configure:13619: result: yes
configure:13626: checking for shared library run path origin
configure:13639: result: done
configure:14140: checking for CFPreferencesCopyAppValue
configure:14158: gcc -std=gnu99 -o conftest -g -O2   conftest.c  -Wl,-framework -Wl,CoreFoundation >&5
conftest.c:29:42: fatal error: CoreFoundation/CFPreferences.h: No such file or directory
 #include <CoreFoundation/CFPreferences.h>
                                          ^
compilation terminated.
configure:14158: $? = 1
configure: failed program was:
| /* confdefs.h */
| #define PACKAGE_NAME "edams"
| #define PACKAGE_TARNAME "edams"
| #define PACKAGE_VERSION "0.9.0.290:292M"
| #define PACKAGE_STRING "edams 0.9.0.290:292M"
| #define PACKAGE_BUGREPORT "alexandre.dussart@laposte.net"
| #define PACKAGE_URL ""
| #define STDC_HEADERS 1
| #define HAVE_SYS_TYPES_H 1
| #define HAVE_SYS_STAT_H 1
| #define HAVE_STDLIB_H 1
| #define HAVE_STRING_H 1
| #define HAVE_MEMORY_H 1
| #define HAVE_STRINGS_H 1
| #define HAVE_INTTYPES_H 1
| #define HAVE_STDINT_H 1
| #define HAVE_UNISTD_H 1
| #define __EXTENSIONS__ 1
| #define _ALL_SOURCE 1
| #define _GNU_SOURCE 1
| #define _POSIX_PTHREAD_SEMANTICS 1
| #define _TANDEM_SOURCE 1
| #define PACKAGE "edams"
| #define VERSION "0.9.0.290:292M"
| #define HAVE_DLFCN_H 1
| #define LT_OBJDIR ".libs/"
| #define STDC_HEADERS 1
| /* end confdefs.h.  */
| #include <CoreFoundation/CFPreferences.h>
| int
| main ()
| {
| CFPreferencesCopyAppValue(NULL, NULL)
|   ;
|   return 0;
| }
configure:14167: result: no
configure:14174: checking for CFLocaleCopyCurrent
configure:14192: gcc -std=gnu99 -o conftest -g -O2   conftest.c  -Wl,-framework -Wl,CoreFoundation >&5
conftest.c:29:37: fatal error: CoreFoundation/CFLocale.h: No such file or directory
 #include <CoreFoundation/CFLocale.h>
                                     ^
compilation terminated.
configure:14192: $? = 1
configure: failed program was:
| /* confdefs.h */
| #define PACKAGE_NAME "edams"
| #define PACKAGE_TARNAME "edams"
| #define PACKAGE_VERSION "0.9.0.290:292M"
| #define PACKAGE_STRING "edams 0.9.0.290:292M"
| #define PACKAGE_BUGREPORT "alexandre.dussart@laposte.net"
| #define PACKAGE_URL ""
| #define STDC_HEADERS 1
| #define HAVE_SYS_TYPES_H 1
| #define HAVE_SYS_STAT_H 1
| #define HAVE_STDLIB_H 1
| #define HAVE_STRING_H 1
| #define HAVE_MEMORY_H 1
| #define HAVE_STRINGS_H 1
| #define HAVE_INTTYPES_H 1
| #define HAVE_STDINT_H 1
| #define HAVE_UNISTD_H 1
| #define __EXTENSIONS__ 1
| #define _ALL_SOURCE 1
| #define _GNU_SOURCE 1
| #define _POSIX_PTHREAD_SEMANTICS 1
| #define _TANDEM_SOURCE 1
| #define PACKAGE "edams"
| #define VERSION "0.9.0.290:292M"
| #define HAVE_DLFCN_H 1
| #define LT_OBJDIR ".libs/"
| #define STDC_HEADERS 1
| /* end confdefs.h.  */
| #include <CoreFoundation/CFLocale.h>
| int
| main ()
| {
| CFLocaleCopyCurrent();
|   ;
|   return 0;
| }
configure:14201: result: no
configure:14250: checking for GNU gettext in libc
configure:14270: gcc -std=gnu99 -o conftest -g -O2   conftest.c  >&5
configure:14270: $? = 0
configure:14279: result: yes
configure:15025: checking whether to use NLS
configure:15027: result: yes
configure:15030: checking where the gettext function comes from
configure:15041: result: libc
configure:15170: updating cache config.cache
configure:15214: checking that generated files are newer than configure
configure:15220: result: done
configure:15248: creating ./config.status

## ---------------------- ##
## Running config.status. ##
## ---------------------- ##

This file was extended by edams config.status 0.9.0.290:292M, which was
generated by GNU Autoconf 2.69.  Invocation command line was

  CONFIG_FILES    = 
  CONFIG_HEADERS  = 
  CONFIG_LINKS    = 
  CONFIG_COMMANDS = 
  $ ./config.status 

on vador

config.status:1139: creating Makefile
config.status:1139: creating edams.desktop
config.status:1139: creating src/Makefile
config.status:1139: creating src/bin/Makefile
config.status:1139: creating src/lib/Makefile
config.status:1139: creating data/Makefile
config.status:1139: creating data/themes/Makefile
config.status:1139: creating data/themes/default/Makefile
config.status:1139: creating config.h
config.status:1368: executing depfiles commands
config.status:1368: executing libtool commands
config.status:1368: executing po-directories commands
configure:17713: checking that generated files are newer than configure
configure:17719: result: done
configure:17751: creating ./config.status

## ---------------------- ##
## Running config.status. ##
## ---------------------- ##

This file was extended by edams config.status 0.9.0.290:292M, which was
generated by GNU Autoconf 2.69.  Invocation command line was

  CONFIG_FILES    = 
  CONFIG_HEADERS  = 
  CONFIG_LINKS    = 
  CONFIG_COMMANDS = 
  $ ./config.status 

on vador

config.status:1141: creating Makefile
config.status:1141: creating edams.desktop
config.status:1141: creating src/Makefile
config.status:1141: creating src/bin/Makefile
config.status:1141: creating src/lib/Makefile
config.status:1141: creating data/Makefile
config.status:1141: creating data/themes/Makefile
config.status:1141: creating data/themes/default/Makefile
config.status:1141: creating po/Makefile.in
config.status:1141: creating config.h
config.status:1322: config.h is unchanged
config.status:1370: executing depfiles commands
config.status:1370: executing libtool commands
config.status:1370: executing po-directories commands

## ---------------- ##
## Cache variables. ##
## ---------------- ##

ac_cv_build=x86_64-unknown-linux-gnu
ac_cv_c_bigendian=no
ac_cv_c_compiler_gnu=yes
ac_cv_c_const=yes
ac_cv_env_CC_set=
ac_cv_env_CC_value=
ac_cv_env_CFLAGS_set=
ac_cv_env_CFLAGS_value=
ac_cv_env_CPPFLAGS_set=
ac_cv_env_CPPFLAGS_value=
ac_cv_env_CPP_set=
ac_cv_env_CPP_value=
ac_cv_env_EDAMS_CFLAGS_set=
ac_cv_env_EDAMS_CFLAGS_value=
ac_cv_env_EDAMS_LIBS_set=
ac_cv_env_EDAMS_LIBS_value=
ac_cv_env_EMOTION_CFLAGS_set=
ac_cv_env_EMOTION_CFLAGS_value=
ac_cv_env_EMOTION_LIBS_set=
ac_cv_env_EMOTION_LIBS_value=
ac_cv_env_LDFLAGS_set=
ac_cv_env_LDFLAGS_value=
ac_cv_env_LIBS_set=
ac_cv_env_LIBS_value=
ac_cv_env_PKG_CONFIG_LIBDIR_set=
ac_cv_env_PKG_CONFIG_LIBDIR_value=
ac_cv_env_PKG_CONFIG_PATH_set=set
ac_cv_env_PKG_CONFIG_PATH_value=/usr/local/lib/pkgconfig:/usr/lib/pkgconfig:/usr/share/pkgconfig
ac_cv_env_PKG_CONFIG_set=
ac_cv_env_PKG_CONFIG_value=
ac_cv_env_build_alias_set=
ac_cv_env_build_alias_value=
ac_cv_env_host_alias_set=
ac_cv_env_host_alias_value=
ac_cv_env_target_alias_set=
ac_cv_env_target_alias_value=
ac_cv_header_dlfcn_h=yes
ac_cv_header_inttypes_h=yes
ac_cv_header_memory_h=yes
ac_cv_header_minix_config_h=no
ac_cv_header_stdc=yes
ac_cv_header_stdint_h=yes
ac_cv_header_stdlib_h=yes
ac_cv_header_string_h=yes
ac_cv_header_strings_h=yes
ac_cv_header_sys_stat_h=yes
ac_cv_header_sys_types_h=yes
ac_cv_header_unistd_h=yes
ac_cv_host=x86_64-unknown-linux-gnu
ac_cv_objext=o
ac_cv_path_EGREP='/usr/bin/grep -E'
ac_cv_path_FGREP='/usr/bin/grep -F'
ac_cv_path_GMSGFMT=/usr/bin/msgfmt
ac_cv_path_GREP=/usr/bin/grep
ac_cv_path_MSGFMT=/usr/bin/msgfmt
ac_cv_path_MSGMERGE=/usr/bin/msgmerge
ac_cv_path_SED=/usr/bin/sed
ac_cv_path_XGETTEXT=/usr/bin/xgettext
ac_cv_path_ac_pt_PKG_CONFIG=/usr/bin/pkg-config
ac_cv_path_install='/usr/bin/install -c'
ac_cv_path_mkdir=/usr/bin/mkdir
ac_cv_prog_AWK=gawk
ac_cv_prog_CPP='gcc -E'
ac_cv_prog_ac_ct_AR=ar
ac_cv_prog_ac_ct_CC=gcc
ac_cv_prog_ac_ct_OBJDUMP=objdump
ac_cv_prog_ac_ct_RANLIB=ranlib
ac_cv_prog_ac_ct_STRIP=strip
ac_cv_prog_cc_c89=
ac_cv_prog_cc_c99=-std=gnu99
ac_cv_prog_cc_g=yes
ac_cv_prog_cc_stdc=-std=gnu99
ac_cv_prog_make_make_set=yes
ac_cv_safe_to_define___extensions__=yes
ac_cv_search_strerror='none required'
acl_cv_hardcode_direct=no
acl_cv_hardcode_libdir_flag_spec='${wl}-rpath ${wl}$libdir'
acl_cv_hardcode_libdir_separator=
acl_cv_hardcode_minus_L=no
acl_cv_libext=a
acl_cv_libname_spec='lib$name'
acl_cv_library_names_spec='$libname$shrext'
acl_cv_path_LD='/usr/bin/ld -m elf_x86_64'
acl_cv_prog_gnu_ld=yes
acl_cv_rpath=done
acl_cv_shlibext=so
acl_cv_wl=-Wl,
am_cv_CC_dependencies_compiler_type=gcc3
am_cv_make_support_nested_variables=yes
gt_cv_func_CFLocaleCopyCurrent=no
gt_cv_func_CFPreferencesCopyAppValue=no
gt_cv_func_gnugettext1_libc=yes
lt_cv_ar_at_file=@
lt_cv_archive_cmds_need_lc=no
lt_cv_deplibs_check_method=pass_all
lt_cv_file_magic_cmd='$MAGIC_CMD'
lt_cv_file_magic_test_file=
lt_cv_ld_reload_flag=-r
lt_cv_nm_interface='BSD nm'
lt_cv_objdir=.libs
lt_cv_path_LD=/usr/bin/ld
lt_cv_path_NM='/usr/bin/nm -B'
lt_cv_path_mainfest_tool=no
lt_cv_prog_compiler_c_o=yes
lt_cv_prog_compiler_pic='-fPIC -DPIC'
lt_cv_prog_compiler_pic_works=yes
lt_cv_prog_compiler_rtti_exceptions=no
lt_cv_prog_compiler_static_works=yes
lt_cv_prog_gnu_ld=yes
lt_cv_sharedlib_from_linklib_cmd='printf %s\n'
lt_cv_shlibpath_overrides_runpath=no
lt_cv_sys_global_symbol_pipe='sed -n -e '\''s/^.*[	 ]\([ABCDGIRSTW][ABCDGIRSTW]*\)[	 ][	 ]*\([_A-Za-z][_A-Za-z0-9]*\)$/\1 \2 \2/p'\'' | sed '\''/ __gnu_lto/d'\'''
lt_cv_sys_global_symbol_to_c_name_address='sed -n -e '\''s/^: \([^ ]*\)[ ]*$/  {\"\1\", (void *) 0},/p'\'' -e '\''s/^[ABCDGIRSTW]* \([^ ]*\) \([^ ]*\)$/  {"\2", (void *) \&\2},/p'\'''
lt_cv_sys_global_symbol_to_c_name_address_lib_prefix='sed -n -e '\''s/^: \([^ ]*\)[ ]*$/  {\"\1\", (void *) 0},/p'\'' -e '\''s/^[ABCDGIRSTW]* \([^ ]*\) \(lib[^ ]*\)$/  {"\2", (void *) \&\2},/p'\'' -e '\''s/^[ABCDGIRSTW]* \([^ ]*\) \([^ ]*\)$/  {"lib\2", (void *) \&\2},/p'\'''
lt_cv_sys_global_symbol_to_cdecl='sed -n -e '\''s/^T .* \(.*\)$/extern int \1();/p'\'' -e '\''s/^[ABCDGIRSTW]* .* \(.*\)$/extern char \1;/p'\'''
lt_cv_sys_max_cmd_len=1572864
lt_cv_to_host_file_cmd=func_convert_file_noop
lt_cv_to_tool_file_cmd=func_convert_file_noop
pkg_cv_EDAMS_CFLAGS='-I/usr/local/include -I/usr/include/elementary-1 -I/usr/include/ethumb-1 -I/usr/include/efreet-1 -I/usr/include/e_dbus-1 -I/usr/include/dbus-1.0 -I/usr/lib/dbus-1.0/include -I/usr/include/emotion-1 -I/usr/include/eeze-1 -I/usr/include/edje-1 -I/usr/include/eio-1 -I/usr/include/ecore-1 -I/usr/include/embryo-1 -I/usr/include/ecore-1 -I/usr/include/glib-2.0 -I/usr/lib/glib-2.0/include -I/usr/include/evas-1 -I/usr/include/harfbuzz -I/usr/include/fribidi -I/usr/include/freetype2 -I/usr/include/eet-1 -I/usr/include/eina-1 -I/usr/include/eina-1/eina '
pkg_cv_EDAMS_LIBS='-leina -lpthread -leet -levas -leina -lpthread -lrt -lecore -leina -lpthread -ledje -lelementary -lm -leina -lpthread -leet -levas -leina -lpthread -lrt -lecore -leina -lpthread -lecore_evas -lecore_file -ledje -lefreet -lefreet_mime -lefreet_trash -ledbus -ldbus-1 -lethumb_client -ledbus -ldbus-1 -lethumb -leina -lpthread -levas -leina -lpthread -lrt -lecore -leina -lpthread -lecore_evas -lecore_file -ledje -lemotion -lexif -lecore_imf -lecore_con '
pkg_cv_EMOTION_CFLAGS='-I/usr/include/emotion-1 -I/usr/include/eio-1 -I/usr/include/evas-1 -I/usr/include/harfbuzz -I/usr/include/fribidi -I/usr/include/freetype2 -I/usr/include/eet-1 -I/usr/include/eeze-1 -I/usr/include/ecore-1 -I/usr/include/glib-2.0 -I/usr/lib/glib-2.0/include -I/usr/include/eina-1 -I/usr/include/eina-1/eina '
pkg_cv_EMOTION_LIBS='-lemotion '

## ----------------- ##
## Output variables. ##
## ----------------- ##

ACLOCAL='${SHELL} /home/alex/Electronics/Edams/branches/edamsng/missing aclocal-1.13'
AMDEPBACKSLASH='\'
AMDEP_FALSE='#'
AMDEP_TRUE=''
AMTAR='$${TAR-tar}'
AM_BACKSLASH='\'
AM_DEFAULT_V='$(AM_DEFAULT_VERBOSITY)'
AM_DEFAULT_VERBOSITY='0'
AM_V='$(V)'
AR='ar'
AUTOCONF='${SHELL} /home/alex/Electronics/Edams/branches/edamsng/missing autoconf'
AUTOHEADER='${SHELL} /home/alex/Electronics/Edams/branches/edamsng/missing autoheader'
AUTOMAKE='${SHELL} /home/alex/Electronics/Edams/branches/edamsng/missing automake-1.13'
AWK='gawk'
CC='gcc -std=gnu99'
CCDEPMODE='depmode=gcc3'
CFLAGS='-g -O2'
CPP='gcc -E'
CPPFLAGS=''
CYGPATH_W='echo'
DEFS='-DHAVE_CONFIG_H'
DEPDIR='.deps'
DLLTOOL='false'
DSYMUTIL=''
DUMPBIN=''
ECHO_C=''
ECHO_N='-n'
ECHO_T=''
EDAMS_CFLAGS='-I/usr/local/include -I/usr/include/elementary-1 -I/usr/include/ethumb-1 -I/usr/include/efreet-1 -I/usr/include/e_dbus-1 -I/usr/include/dbus-1.0 -I/usr/lib/dbus-1.0/include -I/usr/include/emotion-1 -I/usr/include/eeze-1 -I/usr/include/edje-1 -I/usr/include/eio-1 -I/usr/include/ecore-1 -I/usr/include/embryo-1 -I/usr/include/ecore-1 -I/usr/include/glib-2.0 -I/usr/lib/glib-2.0/include -I/usr/include/evas-1 -I/usr/include/harfbuzz -I/usr/include/fribidi -I/usr/include/freetype2 -I/usr/include/eet-1 -I/usr/include/eina-1 -I/usr/include/eina-1/eina '
EDAMS_LIBS='-leina -lpthread -leet -levas -leina -lpthread -lrt -lecore -leina -lpthread -ledje -lelementary -lm -leina -lpthread -leet -levas -leina -lpthread -lrt -lecore -leina -lpthread -lecore_evas -lecore_file -ledje -lefreet -lefreet_mime -lefreet_trash -ledbus -ldbus-1 -lethumb_client -ledbus -ldbus-1 -lethumb -leina -lpthread -levas -leina -lpthread -lrt -lecore -leina -lpthread -lecore_evas -lecore_file -ledje -lemotion -lexif -lecore_imf -lecore_con '
EGREP='/usr/bin/grep -E'
EMOTION_CFLAGS='-I/usr/include/emotion-1 -I/usr/include/eio-1 -I/usr/include/evas-1 -I/usr/include/harfbuzz -I/usr/include/fribidi -I/usr/include/freetype2 -I/usr/include/eet-1 -I/usr/include/eeze-1 -I/usr/include/ecore-1 -I/usr/include/glib-2.0 -I/usr/lib/glib-2.0/include -I/usr/include/eina-1 -I/usr/include/eina-1/eina '
EMOTION_LIBS='-lemotion '
EXEEXT=''
FGREP='/usr/bin/grep -F'
GETTEXT_MACRO_VERSION='0.17'
GMSGFMT='/usr/bin/msgfmt'
GMSGFMT_015='/usr/bin/msgfmt'
GREP='/usr/bin/grep'
HAVE_EMOTION_FALSE=''
HAVE_EMOTION_TRUE='#'
INSTALL_DATA='${INSTALL} -m 644'
INSTALL_PROGRAM='${INSTALL}'
INSTALL_SCRIPT='${INSTALL}'
INSTALL_STRIP_PROGRAM='$(install_sh) -c -s'
INTLLIBS=''
INTL_MACOSX_LIBS=''
LD='/usr/bin/ld -m elf_x86_64'
LDFLAGS=''
LIBICONV='-liconv'
LIBINTL=''
LIBOBJS=''
LIBS=''
LIBTOOL='$(SHELL) $(top_builddir)/libtool'
LIPO=''
LN_S='ln -s'
LTLIBICONV='-liconv'
LTLIBINTL=''
LTLIBOBJS=''
MAKEINFO='${SHELL} /home/alex/Electronics/Edams/branches/edamsng/missing makeinfo'
MANIFEST_TOOL=':'
MKDIR_P='/usr/bin/mkdir -p'
MSGFMT='/usr/bin/msgfmt'
MSGFMT_015='/usr/bin/msgfmt'
MSGMERGE='/usr/bin/msgmerge'
NM='/usr/bin/nm -B'
NMEDIT=''
OBJDUMP='objdump'
OBJEXT='o'
OTOOL64=''
OTOOL=''
PACKAGE='edams'
PACKAGE_BUGREPORT='alexandre.dussart@laposte.net'
PACKAGE_NAME='edams'
PACKAGE_STRING='edams 0.9.0.290:292M'
PACKAGE_TARNAME='edams'
PACKAGE_URL=''
PACKAGE_VERSION='0.9.0.290:292M'
PATH_SEPARATOR=':'
PKG_CONFIG='/usr/bin/pkg-config'
PKG_CONFIG_LIBDIR=''
PKG_CONFIG_PATH='/usr/local/lib/pkgconfig:/usr/lib/pkgconfig:/usr/share/pkgconfig'
POSUB='po'
RANLIB='ranlib'
SED='/usr/bin/sed'
SET_MAKE=''
SHELL='/bin/sh'
STRIP='strip'
USE_NLS='yes'
VERSION='0.9.0.290:292M'
XGETTEXT='/usr/bin/xgettext'
XGETTEXT_015='/usr/bin/xgettext'
XGETTEXT_EXTRA_OPTIONS=''
ac_ct_AR='ar'
ac_ct_CC='gcc'
ac_ct_DUMPBIN=''
am__EXEEXT_FALSE=''
am__EXEEXT_TRUE='#'
am__fastdepCC_FALSE='#'
am__fastdepCC_TRUE=''
am__include='include'
am__isrc=''
am__leading_dot='.'
am__nodep='_no'
am__quote=''
am__tar='$${TAR-tar} chof - "$$tardir"'
am__untar='$${TAR-tar} xf -'
bindir='${exec_prefix}/bin'
build='x86_64-unknown-linux-gnu'
build_alias=''
build_cpu='x86_64'
build_os='linux-gnu'
build_vendor='unknown'
datadir='${datarootdir}'
datarootdir='${prefix}/share'
docdir='${datarootdir}/doc/${PACKAGE_TARNAME}'
dvidir='${docdir}'
edje_cc='/usr/bin/edje_cc'
exec_prefix='${prefix}'
host='x86_64-unknown-linux-gnu'
host_alias=''
host_cpu='x86_64'
host_os='linux-gnu'
host_vendor='unknown'
htmldir='${docdir}'
includedir='${prefix}/include'
infodir='${datarootdir}/info'
install_sh='${SHELL} /home/alex/Electronics/Edams/branches/edamsng/install-sh'
libdir='${exec_prefix}/lib'
libexecdir='${exec_prefix}/libexec'
localedir='${datarootdir}/locale'
localstatedir='${prefix}/var'
mandir='${datarootdir}/man'
mkdir_p='/usr/bin/mkdir -p'
oldincludedir='/usr/include'
pdfdir='${docdir}'
prefix='/usr/local'
program_transform_name='s,x,x,'
psdir='${docdir}'
sbindir='${exec_prefix}/sbin'
sharedstatedir='${prefix}/com'
sysconfdir='${prefix}/etc'
target_alias=''

## ----------- ##
## confdefs.h. ##
## ----------- ##

/* confdefs.h */
#define PACKAGE_NAME "edams"
#define PACKAGE_TARNAME "edams"
#define PACKAGE_VERSION "0.9.0.290:292M"
#define PACKAGE_STRING "edams 0.9.0.290:292M"
#define PACKAGE_BUGREPORT "alexandre.dussart@laposte.net"
#define PACKAGE_URL ""
#define STDC_HEADERS 1
#define HAVE_SYS_TYPES_H 1
#define HAVE_SYS_STAT_H 1
#define HAVE_STDLIB_H 1
#define HAVE_STRING_H 1
#define HAVE_MEMORY_H 1
#define HAVE_STRINGS_H 1
#define HAVE_INTTYPES_H 1
#define HAVE_STDINT_H 1
#define HAVE_UNISTD_H 1
#define __EXTENSIONS__ 1
#define _ALL_SOURCE 1
#define _GNU_SOURCE 1
#define _POSIX_PTHREAD_SEMANTICS 1
#define _TANDEM_SOURCE 1
#define PACKAGE "edams"
#define VERSION "0.9.0.290:292M"
#define HAVE_DLFCN_H 1
#define LT_OBJDIR ".libs/"
#define STDC_HEADERS 1
#define ENABLE_NLS 1
#define HAVE_GETTEXT 1
#define HAVE_DCGETTEXT 1

configure: exit 0

## ---------------------- ##
## Running config.status. ##
## ---------------------- ##

This file was extended by edams config.status 0.9.0.290:292M, which was
generated by GNU Autoconf 2.69.  Invocation command line was

  CONFIG_FILES    = 
  CONFIG_HEADERS  = 
  CONFIG_LINKS    = 
  CONFIG_COMMANDS = 
  $ ./config.status config.h

on vador

config.status:1141: creating config.h
config.status:1322: config.h is unchanged
